<?xml version="1.0" encoding="UTF-8"?>
<!-- Generated by org.testng.reporters.JUnitXMLReporter -->
<testsuite hostname="Salmans-PC" name="sample test 1" tests="4" failures="2" timestamp="18 Jun 2016 13:28:47 GMT" time="227.53" errors="0">
  <testcase name="popUpClose" time="0.313" classname="com.nk.tests.SearchPageTest"/>
  <testcase name="verifySearchSection" time="0.408" classname="com.nk.tests.SearchPageTest"/>
  <testcase name="verifySearchByLocationField" time="34.685" classname="com.nk.tests.SearchPageTest">
    <failure type="java.lang.AssertionError" message="Job is not displayed on basis of Location selected by the jobseeker expected [true] but found [false]">
      <![CDATA[java.lang.AssertionError: Job is not displayed on basis of Location selected by the jobseeker expected [true] but found [false]
	at com.nk.pages.SearchResultPage.verifyJobLocations(SearchResultPage.java:1189)
	at com.nk.tests.SearchPageTest.verifySearchByLocationField(SearchPageTest.java:52)
	at java.util.concurrent.FutureTask.run(FutureTask.java:262)
	at java.util.concurrent.ThreadPoolExecutor.runWorker(ThreadPoolExecutor.java:1145)
	at java.util.concurrent.ThreadPoolExecutor$Worker.run(ThreadPoolExecutor.java:615)
	at java.lang.Thread.run(Thread.java:745)
... Removed 19 stack frames]]>
    </failure>
  </testcase> <!-- verifySearchByLocationField -->
  <testcase name="verifySearchByExperienceField" time="167.162" classname="com.nk.tests.SearchPageTest">
    <failure type="java.lang.Exception" message="FAILED WHILE ENTERING THE SKILLL TEXT ENTRY  enterSkillEntry(String skil) FAILED WHILE VERIFYING SKILLSTEXTBOX 
 verifySkillTextBox Error communicating with the remote browser. It may have died.
Build info: version: &amp;apos;2.48.2&amp;apos;, revision: &amp;apos;41bccdd10cf2c0560f637404c2d96164b67d9d67&amp;apos;, time: &amp;apos;2015-10-09 13:08:06&amp;apos;
System info: host: &amp;apos;Salmans-PC&amp;apos;, ip: &amp;apos;192.168.1.2&amp;apos;, os.name: &amp;apos;Windows 7&amp;apos;, os.arch: &amp;apos;x86&amp;apos;, os.version: &amp;apos;6.1&amp;apos;, java.version: &amp;apos;1.7.0_79&amp;apos;
Driver info: driver.version: RemoteWebDriver">
      <![CDATA[java.lang.Exception: FAILED WHILE ENTERING THE SKILLL TEXT ENTRY  enterSkillEntry(String skil) FAILED WHILE VERIFYING SKILLSTEXTBOX 
 verifySkillTextBox Error communicating with the remote browser. It may have died.
Build info: version: '2.48.2', revision: '41bccdd10cf2c0560f637404c2d96164b67d9d67', time: '2015-10-09 13:08:06'
System info: host: 'Salmans-PC', ip: '192.168.1.2', os.name: 'Windows 7', os.arch: 'x86', os.version: '6.1', java.version: '1.7.0_79'
Driver info: driver.version: RemoteWebDriver
	at com.nk.pages.HomePage.enterSkillEntry(HomePage.java:496)
	at com.nk.tests.SearchPageTest.verifySearchByExperienceField(SearchPageTest.java:62)
	at java.util.concurrent.FutureTask.run(FutureTask.java:262)
	at java.util.concurrent.ThreadPoolExecutor.runWorker(ThreadPoolExecutor.java:1145)
	at java.util.concurrent.ThreadPoolExecutor$Worker.run(ThreadPoolExecutor.java:615)
	at java.lang.Thread.run(Thread.java:745)
... Removed 16 stack frames]]>
    </failure>
  </testcase> <!-- verifySearchByExperienceField -->
</testsuite> <!-- sample test 1 -->
